[08Mar2025 12:37:23.182] [main/INFO] [cpw.mods.modlauncher.Launcher/MODLAUNCHER]: ModLauncher running: args [--launchTarget, neoforgeclientdev, --version, 21.4.101-beta, --assetIndex, 19, --assetsDir, C:\\Users\\melan_y2w1jpu\\.mcreator\\gradle\\caches\\neoformruntime\\assets, --gameDir, ., --fml.fmlVersion, 6.0.11, --fml.mcVersion, 1.21.4, --fml.neoForgeVersion, 21.4.101-beta, --fml.neoFormVersion, 20241203.161809]
[08Mar2025 12:37:23.190] [main/INFO] [cpw.mods.modlauncher.Launcher/MODLAUNCHER]: JVM identified as Eclipse Adoptium OpenJDK 64-Bit Server VM 21.0.5+11-LTS
[08Mar2025 12:37:23.194] [main/INFO] [cpw.mods.modlauncher.Launcher/MODLAUNCHER]: ModLauncher 11.0.4+main.d2e20e43 starting: java version 21.0.5 by Eclipse Adoptium; OS Windows 11 arch amd64 version 10.0
[08Mar2025 12:37:23.740] [main/WARN] [net.neoforged.fml.loading.FMLConfig/CORE]: Configuration file C:\Users\melan_y2w1jpu\MCreatorWorkspaces\tp_compass_neoforge\run\config\fml.toml is not correct. Correcting
[08Mar2025 12:37:23.968] [main/INFO] [net.neoforged.fml.loading.ImmediateWindowHandler/]: Loading ImmediateWindowProvider fmlearlywindow
[08Mar2025 12:37:24.318] [main/INFO] [EARLYDISPLAY/]: Trying GL version 4.6
[08Mar2025 12:37:24.955] [main/INFO] [EARLYDISPLAY/]: Requested GL version 4.6 got version 4.6
[08Mar2025 12:37:25.884] [main/INFO] [mixin/]: SpongePowered MIXIN Subsystem Version=0.8.7 Source=union:/C:/Users/melan_y2w1jpu/.mcreator/gradle/caches/modules-2/files-2.1/net.fabricmc/sponge-mixin/0.15.2+mixin.0.8.7/2af2f021d8e02a0220dc27a7a72b4666d66d44ca/sponge-mixin-0.15.2+mixin.0.8.7.jar%23162!/ Service=ModLauncher Env=CLIENT
[08Mar2025 12:37:25.930] [pool-2-thread-1/INFO] [EARLYDISPLAY/]: GL info: AMD Radeon(TM) Vega 3 Graphics GL version 4.6.14761 Core Profile Forward-Compatible Context 21.30.26 30.0.13026.3, ATI Technologies Inc.
[08Mar2025 12:37:25.978] [main/WARN] [net.neoforged.fml.loading.FMLConfig/CORE]: Configuration file C:\Users\melan_y2w1jpu\MCreatorWorkspaces\tp_compass_neoforge\run\config\fml.toml is not correct. Correcting
[08Mar2025 12:37:28.059] [main/INFO] [net.neoforged.fml.loading.moddiscovery.locators.JarInJarDependencyLocator/]: Found 2 dependencies adding them to mods collection
[08Mar2025 12:37:28.111] [main/INFO] [net.neoforged.fml.loading.moddiscovery.ModDiscoverer/]: 
     Mod List:
		Name Version (Mod Id)

		Minecraft 1.21.4 (minecraft)
		NeoForge 21.4.101-beta (neoforge)
		TP Compass 0.0.8 (tp_compass)
[08Mar2025 12:37:33.766] [main/INFO] [cpw.mods.modlauncher.LaunchServiceHandler/MODLAUNCHER]: Launching target 'neoforgeclientdev' with arguments [--version, 21.4.101-beta, --gameDir, ., --assetsDir, C:\Users\melan_y2w1jpu\.mcreator\gradle\caches\neoformruntime\assets, --assetIndex, 19]
[08Mar2025 12:37:50.946] [pool-5-thread-1/INFO] [MixinExtras|Service/]: Initializing MixinExtras via com.llamalad7.mixinextras.service.MixinExtrasServiceImpl(version=0.4.1).
[08Mar2025 12:37:57.427] [Datafixer Bootstrap/INFO] [com.mojang.datafixers.DataFixerBuilder/]: 246 Datafixer optimizations took 8319 milliseconds
[08Mar2025 12:38:11.799] [main/WARN] [net.minecraft.commands.Commands/]: Ambiguity between arguments [teleport, location] and [teleport, destination] with inputs: [0.1 -0.5 .9, 0 0 0]
[08Mar2025 12:38:11.803] [main/WARN] [net.minecraft.commands.Commands/]: Ambiguity between arguments [teleport, location] and [teleport, targets] with inputs: [0.1 -0.5 .9, 0 0 0]
[08Mar2025 12:38:11.814] [main/WARN] [net.minecraft.commands.Commands/]: Ambiguity between arguments [teleport, destination] and [teleport, targets] with inputs: [Player, 0123, @e, dd12be42-52a9-4a91-a8a1-11c01849e498]
[08Mar2025 12:38:11.818] [main/WARN] [net.minecraft.commands.Commands/]: Ambiguity between arguments [teleport, targets] and [teleport, destination] with inputs: [Player, 0123, dd12be42-52a9-4a91-a8a1-11c01849e498]
[08Mar2025 12:38:11.823] [main/WARN] [net.minecraft.commands.Commands/]: Ambiguity between arguments [teleport, targets, location] and [teleport, targets, destination] with inputs: [0.1 -0.5 .9, 0 0 0]
[08Mar2025 12:38:12.410] [Render thread/WARN] [net.minecraft.server.packs.VanillaPackResourcesBuilder/]: Assets URL 'union:/C:/Users/melan_y2w1jpu/MCreatorWorkspaces/tp_compass_neoforge/build/moddev/artifacts/neoforge-21.4.101-beta.jar%23215!/assets/.mcassetsroot' uses unexpected schema
[08Mar2025 12:38:12.411] [Render thread/WARN] [net.minecraft.server.packs.VanillaPackResourcesBuilder/]: Assets URL 'union:/C:/Users/melan_y2w1jpu/MCreatorWorkspaces/tp_compass_neoforge/build/moddev/artifacts/neoforge-21.4.101-beta.jar%23215!/data/.mcassetsroot' uses unexpected schema
[08Mar2025 12:38:12.500] [Render thread/INFO] [com.mojang.authlib.yggdrasil.YggdrasilAuthenticationService/]: Environment: Environment[sessionHost=https://sessionserver.mojang.com, servicesHost=https://api.minecraftservices.com, name=PROD]
[08Mar2025 12:38:12.530] [Render thread/INFO] [net.minecraft.client.Minecraft/]: Setting user: Dev
[08Mar2025 12:38:13.129] [Render thread/INFO] [net.minecraft.client.Minecraft/]: Backend library: LWJGL version 3.3.3+5
[08Mar2025 12:38:15.097] [modloading-worker-0/INFO] [net.neoforged.neoforge.common.NeoForgeMod/NEOFORGE-MOD]: NeoForge mod loading, version 21.4.101-beta, for MC 1.21.4
[08Mar2025 12:38:17.972] [Render thread/INFO] [net.neoforged.neoforge.gametest.GameTestHooks/]: Enabled Gametest Namespaces: []
[08Mar2025 12:38:18.379] [Render thread/INFO] [net.minecraft.server.packs.resources.ReloadableResourceManager/]: Reloading ResourceManager: vanilla, mod_resources, mod/neoforge, mod/tp_compass
[08Mar2025 12:38:21.754] [resourceLoad/INFO] [net.minecraft.client.gui.font.providers.UnihexProvider/]: Found unifont_all_no_pua-16.0.01.hex, loading
[08Mar2025 12:38:22.428] [resourceLoad/INFO] [net.minecraft.client.gui.font.providers.UnihexProvider/]: Found unifont_jp_patch-16.0.01.hex, loading
[08Mar2025 12:38:36.060] [Render thread/INFO] [com.mojang.blaze3d.audio.Library/]: OpenAL initialized on device OpenAL Soft on Casque (Realtek(R) Audio)
[08Mar2025 12:38:36.068] [Render thread/INFO] [net.minecraft.client.sounds.SoundEngine/SOUNDS]: Sound engine started
[08Mar2025 12:38:36.373] [Render thread/INFO] [net.minecraft.client.renderer.texture.TextureAtlas/]: Created: 1024x512x2 minecraft:textures/atlas/blocks.png-atlas
[08Mar2025 12:38:36.598] [Render thread/INFO] [net.minecraft.client.renderer.texture.TextureAtlas/]: Created: 256x256x2 minecraft:textures/atlas/signs.png-atlas
[08Mar2025 12:38:36.607] [Render thread/INFO] [net.minecraft.client.renderer.texture.TextureAtlas/]: Created: 512x512x2 minecraft:textures/atlas/banner_patterns.png-atlas
[08Mar2025 12:38:36.616] [Render thread/INFO] [net.minecraft.client.renderer.texture.TextureAtlas/]: Created: 512x512x2 minecraft:textures/atlas/shield_patterns.png-atlas
[08Mar2025 12:38:36.628] [Render thread/INFO] [net.minecraft.client.renderer.texture.TextureAtlas/]: Created: 2048x1024x2 minecraft:textures/atlas/armor_trims.png-atlas
[08Mar2025 12:38:36.726] [Render thread/INFO] [net.minecraft.client.renderer.texture.TextureAtlas/]: Created: 256x256x2 minecraft:textures/atlas/chest.png-atlas
[08Mar2025 12:38:36.729] [Render thread/INFO] [net.minecraft.client.renderer.texture.TextureAtlas/]: Created: 128x64x2 minecraft:textures/atlas/decorated_pot.png-atlas
[08Mar2025 12:38:36.732] [Render thread/INFO] [net.minecraft.client.renderer.texture.TextureAtlas/]: Created: 512x256x2 minecraft:textures/atlas/beds.png-atlas
[08Mar2025 12:38:36.736] [Render thread/INFO] [net.minecraft.client.renderer.texture.TextureAtlas/]: Created: 512x256x2 minecraft:textures/atlas/shulker_boxes.png-atlas
[08Mar2025 12:38:36.742] [Render thread/INFO] [net.minecraft.client.renderer.texture.TextureAtlas/]: Created: 64x64x0 minecraft:textures/atlas/map_decorations.png-atlas
[08Mar2025 12:38:37.340] [Render thread/INFO] [net.minecraft.client.renderer.texture.TextureAtlas/]: Created: 512x256x0 minecraft:textures/atlas/particles.png-atlas
[08Mar2025 12:38:37.354] [Render thread/INFO] [net.minecraft.client.renderer.texture.TextureAtlas/]: Created: 512x256x0 minecraft:textures/atlas/paintings.png-atlas
[08Mar2025 12:38:37.360] [Render thread/INFO] [net.minecraft.client.renderer.texture.TextureAtlas/]: Created: 256x128x0 minecraft:textures/atlas/mob_effects.png-atlas
[08Mar2025 12:38:37.364] [Render thread/INFO] [net.minecraft.client.renderer.texture.TextureAtlas/]: Created: 1024x512x0 minecraft:textures/atlas/gui.png-atlas
[08Mar2025 12:38:37.400] [Render thread/INFO] [net.neoforged.neoforge.client.entity.animation.json.AnimationLoader/]: Loaded 0 entity animations
[08Mar2025 12:38:50.997] [Render thread/INFO] [net.minecraft.world.item.crafting.RecipeManager/]: Loaded 1371 recipes
[08Mar2025 12:38:51.094] [Render thread/INFO] [net.minecraft.advancements.AdvancementTree/]: Loaded 1481 advancements
[08Mar2025 12:38:53.504] [Server thread/INFO] [net.minecraft.client.server.IntegratedServer/]: Starting integrated minecraft server version 1.21.4
[08Mar2025 12:38:53.505] [Server thread/INFO] [net.minecraft.server.MinecraftServer/]: Generating keypair
[08Mar2025 12:38:57.702] [Server thread/INFO] [net.minecraft.server.MinecraftServer/]: Preparing start region for dimension minecraft:overworld
[08Mar2025 12:38:58.683] [progressListener/INFO] [net.minecraft.server.level.progress.LoggerChunkProgressListener/]: Preparing spawn area: 2%
[08Mar2025 12:38:58.684] [progressListener/INFO] [net.minecraft.server.level.progress.LoggerChunkProgressListener/]: Preparing spawn area: 2%
[08Mar2025 12:38:58.731] [progressListener/INFO] [net.minecraft.server.level.progress.LoggerChunkProgressListener/]: Preparing spawn area: 2%
[08Mar2025 12:38:59.250] [progressListener/INFO] [net.minecraft.server.level.progress.LoggerChunkProgressListener/]: Preparing spawn area: 2%
[08Mar2025 12:38:59.743] [progressListener/INFO] [net.minecraft.server.level.progress.LoggerChunkProgressListener/]: Preparing spawn area: 18%
[08Mar2025 12:39:00.257] [progressListener/INFO] [net.minecraft.server.level.progress.LoggerChunkProgressListener/]: Preparing spawn area: 40%
[08Mar2025 12:39:00.631] [Server thread/INFO] [net.neoforged.neoforge.server.permission.PermissionAPI/]: Successfully initialized permission handler neoforge:default_handler
[08Mar2025 12:39:00.635] [progressListener/INFO] [net.minecraft.server.level.progress.LoggerChunkProgressListener/]: Time elapsed: 2919 ms
[08Mar2025 12:39:00.956] [Server thread/INFO] [net.minecraft.client.server.IntegratedServer/]: Changing view distance to 5, from 10
[08Mar2025 12:39:00.956] [Server thread/INFO] [net.minecraft.client.server.IntegratedServer/]: Changing simulation distance to 12, from 0
[08Mar2025 12:39:05.221] [Server thread/INFO] [net.minecraft.server.players.PlayerList/]: Dev[local:E:4723e88e] logged in with entity id 1 at (0.5, 56.0, 9.5)
[08Mar2025 12:39:05.636] [Server thread/INFO] [net.minecraft.server.MinecraftServer/]: Dev joined the game
[08Mar2025 12:39:06.889] [Render thread/INFO] [net.minecraft.advancements.AdvancementTree/]: Loaded 2 advancements
[08Mar2025 12:39:37.066] [Server thread/INFO] [net.mcreator.tp_compass.TpCompassMod/]: Dev
[08Mar2025 12:39:37.074] [Server thread/INFO] [net.mcreator.tp_compass.TpCompassMod/]: 17.0
[08Mar2025 12:39:37.074] [Server thread/INFO] [net.mcreator.tp_compass.TpCompassMod/]: 13.0
[08Mar2025 12:39:40.508] [Server thread/INFO] [net.minecraft.client.server.IntegratedServer/]: Saving and pausing game...
[08Mar2025 12:39:40.579] [Server thread/INFO] [net.minecraft.server.MinecraftServer/]: Saving chunks for level 'ServerLevel[New World]'/minecraft:overworld
[08Mar2025 12:39:40.613] [Server thread/INFO] [net.minecraft.server.MinecraftServer/]: Saving chunks for level 'ServerLevel[New World]'/minecraft:the_end
[08Mar2025 12:39:40.614] [Server thread/INFO] [net.minecraft.server.MinecraftServer/]: Saving chunks for level 'ServerLevel[New World]'/minecraft:the_nether
[08Mar2025 12:39:51.812] [Server thread/INFO] [net.minecraft.server.network.ServerGamePacketListenerImpl/]: Dev lost connection: Disconnected
[08Mar2025 12:39:51.812] [Server thread/INFO] [net.minecraft.server.MinecraftServer/]: Dev left the game
[08Mar2025 12:39:51.840] [Server thread/INFO] [net.minecraft.server.network.ServerCommonPacketListenerImpl/]: Stopping singleplayer server as player logged out
[08Mar2025 12:39:51.939] [Server thread/INFO] [net.minecraft.server.MinecraftServer/]: Stopping server
[08Mar2025 12:39:51.952] [Server thread/INFO] [net.minecraft.server.MinecraftServer/]: Saving players
[08Mar2025 12:39:51.952] [Server thread/INFO] [net.minecraft.server.MinecraftServer/]: Saving worlds
[08Mar2025 12:39:57.470] [Server thread/INFO] [net.minecraft.server.MinecraftServer/]: Saving chunks for level 'ServerLevel[New World]'/minecraft:overworld
[08Mar2025 12:39:57.535] [Server thread/INFO] [net.minecraft.server.MinecraftServer/]: Saving chunks for level 'ServerLevel[New World]'/minecraft:the_end
[08Mar2025 12:39:57.552] [Server thread/INFO] [net.minecraft.server.MinecraftServer/]: Saving chunks for level 'ServerLevel[New World]'/minecraft:the_nether
[08Mar2025 12:39:57.581] [Server thread/INFO] [net.minecraft.server.MinecraftServer/]: ThreadedAnvilChunkStorage (New World (9)): All chunks are saved
[08Mar2025 12:39:57.581] [Server thread/INFO] [net.minecraft.server.MinecraftServer/]: ThreadedAnvilChunkStorage (DIM1): All chunks are saved
[08Mar2025 12:39:57.581] [Server thread/INFO] [net.minecraft.server.MinecraftServer/]: ThreadedAnvilChunkStorage (DIM-1): All chunks are saved
[08Mar2025 12:39:57.581] [Server thread/INFO] [net.minecraft.server.MinecraftServer/]: ThreadedAnvilChunkStorage: All dimensions are saved
[08Mar2025 12:40:05.339] [Render thread/INFO] [net.minecraft.client.Minecraft/]: Stopping!
